"../../../Engine/Content/Animation/DefaultAnimBoneCompressionSettings.uasset" 0
"../../../../../GeekBrainsUE4/Litvinov_S_22_03_21/Content/Download/AnimStarterPack/UE4_Mannequin/Mesh/UE4_Mannequin_Skeleton.uasset" 1
"../../../../../GeekBrainsUE4/Litvinov_S_22_03_21/Content/Download/AnimStarterPack/Aim_Space_Hip.uasset" 2
"../../../../../GeekBrainsUE4/Litvinov_S_22_03_21/Content/Download/AnimStarterPack/Aim_Space_Ironsights.uasset" 3
"../../../../../GeekBrainsUE4/Litvinov_S_22_03_21/Content/Download/AnimStarterPack/Crouch_to_Stand_Rifle_Hip.uasset" 4
"../../../../../GeekBrainsUE4/Litvinov_S_22_03_21/Content/Download/AnimStarterPack/Crouch_to_Stand_Rifle_Ironsights.uasset" 5
"../../../../../GeekBrainsUE4/Litvinov_S_22_03_21/Content/Download/AnimStarterPack/Crouch_Walk_Bwd_Rifle_Ironsights.uasset" 6
"../../../../../GeekBrainsUE4/Litvinov_S_22_03_21/Content/Download/AnimStarterPack/Crouch_Walk_Lt_Rifle_Ironsights.uasset" 7
"../../../../../GeekBrainsUE4/Litvinov_S_22_03_21/Content/Download/AnimStarterPack/Crouch_Walk_Rt_Rifle_Ironsights.uasset" 8
"../../../../../GeekBrainsUE4/Litvinov_S_22_03_21/Content/Download/AnimStarterPack/Death_1.uasset" 9
"../../../../../GeekBrainsUE4/Litvinov_S_22_03_21/Content/Download/AnimStarterPack/Death_2.uasset" 10
"../../../../../GeekBrainsUE4/Litvinov_S_22_03_21/Content/Download/AnimStarterPack/Death_3.uasset" 11
"../../../../../GeekBrainsUE4/Litvinov_S_22_03_21/Content/Download/AnimStarterPack/Death_Ironsights_1.uasset" 12
"../../../../../GeekBrainsUE4/Litvinov_S_22_03_21/Content/Download/AnimStarterPack/Death_Ironsights_2.uasset" 13
"../../../../../GeekBrainsUE4/Litvinov_S_22_03_21/Content/Download/AnimStarterPack/Equip_Rifle_Standing.uasset" 14
"../../../../../GeekBrainsUE4/Litvinov_S_22_03_21/Content/Download/AnimStarterPack/Fire_Rifle_Hip.uasset" 15
"../../../../../GeekBrainsUE4/Litvinov_S_22_03_21/Content/Download/AnimStarterPack/Fire_Shotgun_Hip.uasset" 16
"../../../../../GeekBrainsUE4/Litvinov_S_22_03_21/Content/Download/AnimStarterPack/Fire_Shotgun_Ironsights.uasset" 17
"../../../../../GeekBrainsUE4/Litvinov_S_22_03_21/Content/Download/AnimStarterPack/Hit_React_4.uasset" 18
"../../../../../GeekBrainsUE4/Litvinov_S_22_03_21/Content/Download/AnimStarterPack/Idle_Pistol.uasset" 19
"../../../../../GeekBrainsUE4/Litvinov_S_22_03_21/Content/Download/AnimStarterPack/Idle_Rifle_Ironsights.uasset" 20
"../../../../../GeekBrainsUE4/Litvinov_S_22_03_21/Content/Download/AnimStarterPack/Jump_From_Stand_Ironsights.uasset" 21
"../../../../../GeekBrainsUE4/Litvinov_S_22_03_21/Content/Download/AnimStarterPack/Prone_Death_1.uasset" 22
"../../../../../GeekBrainsUE4/Litvinov_S_22_03_21/Content/Download/AnimStarterPack/Prone_Death_2.uasset" 23
"../../../../../GeekBrainsUE4/Litvinov_S_22_03_21/Content/Download/AnimStarterPack/Prone_Fire_1.uasset" 24
"../../../../../GeekBrainsUE4/Litvinov_S_22_03_21/Content/Download/AnimStarterPack/Prone_Fire_2.uasset" 25
"../../../../../GeekBrainsUE4/Litvinov_S_22_03_21/Content/Download/AnimStarterPack/Prone_Idle.uasset" 26
"../../../../../GeekBrainsUE4/Litvinov_S_22_03_21/Content/Download/AnimStarterPack/Prone_Reload_Rifle.uasset" 27
"../../../../../GeekBrainsUE4/Litvinov_S_22_03_21/Content/Download/AnimStarterPack/Prone_Reload_Shotgun.uasset" 28
"../../../../../GeekBrainsUE4/Litvinov_S_22_03_21/Content/Download/AnimStarterPack/Prone_To_Stand.uasset" 29
"../../../../../GeekBrainsUE4/Litvinov_S_22_03_21/Content/Download/AnimStarterPack/Reload_Pistol.uasset" 30
"../../../../../GeekBrainsUE4/Litvinov_S_22_03_21/Content/Download/AnimStarterPack/Reload_Rifle_Ironsights.uasset" 31
"../../../../../GeekBrainsUE4/Litvinov_S_22_03_21/Content/Download/AnimStarterPack/Reload_Shotgun_Hip.uasset" 32
"../../../../../GeekBrainsUE4/Litvinov_S_22_03_21/Content/Download/AnimStarterPack/Reload_Shotgun_Ironsights.uasset" 33
"../../../../../GeekBrainsUE4/Litvinov_S_22_03_21/Content/Download/AnimStarterPack/Sprint_Fwd_Rifle.uasset" 34
"../../../../../GeekBrainsUE4/Litvinov_S_22_03_21/Content/Download/AnimStarterPack/Stand_to_Crouch_Rifle_Hip.uasset" 35
"../../../../../GeekBrainsUE4/Litvinov_S_22_03_21/Content/Download/AnimStarterPack/Stand_to_Crouch_Rifle_Ironsights.uasset" 36
"../../../../../GeekBrainsUE4/Litvinov_S_22_03_21/Content/Download/AnimStarterPack/Stand_To_Prone.uasset" 37
"../../../../../GeekBrainsUE4/Litvinov_S_22_03_21/Content/Download/AnimStarterPack/Walk_Bwd_Rifle_Ironsights.uasset" 38
"../../../../../GeekBrainsUE4/Litvinov_S_22_03_21/Content/Download/AnimStarterPack/Walk_Lt_Rifle_Ironsights.uasset" 39
"../../../../../GeekBrainsUE4/Litvinov_S_22_03_21/Content/Download/AnimStarterPack/Walk_Rt_Rifle_Ironsights.uasset" 40
"../../../../../GeekBrainsUE4/Litvinov_S_22_03_21/Content/Download/FirstPerson/Character/Textures/UE4_LOGO_CARD.uasset" 41
"../../../../../GeekBrainsUE4/Litvinov_S_22_03_21/Content/Download/FirstPerson/FPWeapon/Materials/MaterialLayers/ML_Plastic_Shiny_Beige_LOGO.uasset" 42
"../../../../../GeekBrainsUE4/Litvinov_S_22_03_21/Content/Download/FirstPerson/FPWeapon/Materials/MaterialLayers/T_ML_FineRubber.uasset" 43
"../../../../../GeekBrainsUE4/Litvinov_S_22_03_21/Content/Download/FirstPerson/FPWeapon/Mesh/SK_FPGun_PhysicsAsset.uasset" 44
"../../../../../GeekBrainsUE4/Litvinov_S_22_03_21/Content/Download/FirstPerson/Meshes/BaseMaterial.uasset" 45
"../../../../../GeekBrainsUE4/Litvinov_S_22_03_21/Content/Download/FirstPerson/Meshes/FirstPersonProjectileMaterial.uasset" 46
"../../../../../GeekBrainsUE4/Litvinov_S_22_03_21/Content/Download/FirstPerson/Meshes/FirstPersonProjectileMesh.uasset" 47
"../../../../../GeekBrainsUE4/Litvinov_S_22_03_21/Content/Download/FirstPersonBP/FirstPersonOverview.uasset" 48
"../../../../../GeekBrainsUE4/Litvinov_S_22_03_21/Content/Download/FirstPerson/Character/Mesh/SK_Mannequin_Arms_Skeleton.uasset" 49
"../../../../../GeekBrainsUE4/Litvinov_S_22_03_21/Content/Download/FirstPerson/Animations/FirstPerson_Idle.uasset" 50
"../../../../../GeekBrainsUE4/Litvinov_S_22_03_21/Content/Download/FirstPerson/Animations/FirstPerson_JumpEnd.uasset" 51
"../../../../../GeekBrainsUE4/Litvinov_S_22_03_21/Content/Download/FirstPerson/Animations/FirstPerson_JumpLoop.uasset" 52
"../../../../../GeekBrainsUE4/Litvinov_S_22_03_21/Content/Download/FirstPerson/Animations/FirstPerson_JumpStart.uasset" 53
"../../../../../GeekBrainsUE4/Litvinov_S_22_03_21/Content/Download/FirstPerson/Animations/FirstPerson_Run.uasset" 54
"../../../Engine/Content/EditorBlueprintResources/StandardMacros.uasset" 55
"../../../../../GeekBrainsUE4/Litvinov_S_22_03_21/Content/Download/FirstPerson/Animations/FirstPerson_AnimBP.uasset" 56
"../../../../../GeekBrainsUE4/Litvinov_S_22_03_21/Content/Download/FirstPerson/Animations/FirstPerson_Fire.uasset" 57
"../../../../../GeekBrainsUE4/Litvinov_S_22_03_21/Content/Download/FirstPerson/Animations/FirstPersonFire_Montage.uasset" 58
"../../../../../GeekBrainsUE4/Litvinov_S_22_03_21/Content/Download/FirstPerson/Audio/FirstPersonTemplateWeaponFire02.uasset" 59
"../../../Engine/Content/Functions/Engine_MaterialFunctions02/Utility/BlendAngleCorrectedNormals.uasset" 60
"../../../Engine/Content/Functions/MaterialLayerFunctions/MatLayerBlend_NormalBlend.uasset" 61
"../../../Engine/Content/Functions/MaterialLayerFunctions/MatLayerBlend_Simple.uasset" 62
"../../../../../GeekBrainsUE4/Litvinov_S_22_03_21/Content/Download/FirstPerson/Character/Materials/MaterialLayers/T_ML_Rubber_Blue_01_D.uasset" 63
"../../../../../GeekBrainsUE4/Litvinov_S_22_03_21/Content/Download/FirstPerson/Character/Materials/MaterialLayers/T_ML_Rubber_Blue_01_N.uasset" 64
"../../../../../GeekBrainsUE4/Litvinov_S_22_03_21/Content/Download/FirstPerson/Character/Materials/MaterialLayers/ML_GlossyBlack_Latex_UE4.uasset" 65
"../../../../../GeekBrainsUE4/Litvinov_S_22_03_21/Content/Download/FirstPerson/Character/Materials/MaterialLayers/ML_Plastic_Shiny_Beige.uasset" 66
"../../../../../GeekBrainsUE4/Litvinov_S_22_03_21/Content/Download/FirstPerson/Character/Materials/MaterialLayers/ML_Plastic_Shiny_Beige_LOGO.uasset" 67
"../../../../../GeekBrainsUE4/Litvinov_S_22_03_21/Content/Download/FirstPerson/Character/Materials/MaterialLayers/T_ML_Aluminum01.uasset" 68
"../../../../../GeekBrainsUE4/Litvinov_S_22_03_21/Content/Download/FirstPerson/Character/Materials/MaterialLayers/T_ML_Aluminum01_N.uasset" 69
"../../../../../GeekBrainsUE4/Litvinov_S_22_03_21/Content/Download/FirstPerson/Character/Materials/MaterialLayers/ML_SoftMetal_UE4.uasset" 70
"../../../../../GeekBrainsUE4/Litvinov_S_22_03_21/Content/Download/FirstPerson/Character/Textures/UE4_Mannequin__normals.uasset" 71
"../../../../../GeekBrainsUE4/Litvinov_S_22_03_21/Content/Download/FirstPerson/Character/Textures/UE4_Mannequin_MAT_MASKA.uasset" 72
"../../../../../GeekBrainsUE4/Litvinov_S_22_03_21/Content/Download/FirstPerson/Character/Materials/M_UE4Man_Body.uasset" 73
"../../../../../GeekBrainsUE4/Litvinov_S_22_03_21/Content/Download/FirstPerson/Character/Mesh/SK_Mannequin_Arms_PhysicsAsset.uasset" 74
"../../../../../GeekBrainsUE4/Litvinov_S_22_03_21/Content/Download/FirstPerson/Character/Mesh/SK_Mannequin_Arms.uasset" 75
"../../../../../GeekBrainsUE4/Litvinov_S_22_03_21/Content/Download/FirstPerson/FPWeapon/Materials/MaterialLayers/T_ML_Rubber_Blue_01_D.uasset" 76
"../../../../../GeekBrainsUE4/Litvinov_S_22_03_21/Content/Download/FirstPerson/FPWeapon/Materials/MaterialLayers/T_ML_Rubber_Blue_01_N.uasset" 77
"../../../../../GeekBrainsUE4/Litvinov_S_22_03_21/Content/Download/FirstPerson/FPWeapon/Materials/MaterialLayers/ML_GlossyBlack_Latex_UE4.uasset" 78
"../../../../../GeekBrainsUE4/Litvinov_S_22_03_21/Content/Download/FirstPerson/FPWeapon/Materials/MaterialLayers/ML_Plastic_Shiny_Beige.uasset" 79
"../../../../../GeekBrainsUE4/Litvinov_S_22_03_21/Content/Download/FirstPerson/FPWeapon/Materials/MaterialLayers/ML_Screen.uasset" 80
"../../../../../GeekBrainsUE4/Litvinov_S_22_03_21/Content/Download/FirstPerson/FPWeapon/Materials/MaterialLayers/T_ML_Aluminum01.uasset" 81
"../../../../../GeekBrainsUE4/Litvinov_S_22_03_21/Content/Download/FirstPerson/FPWeapon/Materials/MaterialLayers/T_ML_Aluminum01_N.uasset" 82
"../../../../../GeekBrainsUE4/Litvinov_S_22_03_21/Content/Download/FirstPerson/FPWeapon/Materials/MaterialLayers/ML_SoftMetal_UE4.uasset" 83
"../../../../../GeekBrainsUE4/Litvinov_S_22_03_21/Content/Download/FirstPerson/FPWeapon/Textures/T_FPGun_M.uasset" 84
"../../../../../GeekBrainsUE4/Litvinov_S_22_03_21/Content/Download/FirstPerson/FPWeapon/Textures/T_FPGun_N.uasset" 85
"../../../../../GeekBrainsUE4/Litvinov_S_22_03_21/Content/Download/FirstPerson/FPWeapon/Materials/M_FPGun.uasset" 86
"../../../../../GeekBrainsUE4/Litvinov_S_22_03_21/Content/Download/FirstPerson/FPWeapon/Mesh/SK_FPGun_Skeleton.uasset" 87
"../../../../../GeekBrainsUE4/Litvinov_S_22_03_21/Content/Download/FirstPerson/FPWeapon/Mesh/SK_FPGun.uasset" 88
"../../../../../GeekBrainsUE4/Litvinov_S_22_03_21/Content/Download/FirstPersonBP/Blueprints/FirstPersonCharacter.uasset" 89
"../../../../../GeekBrainsUE4/Litvinov_S_22_03_21/Content/Download/FirstPerson/Textures/FirstPersonCrosshair.uasset" 90
"../../../../../GeekBrainsUE4/Litvinov_S_22_03_21/Content/Download/FirstPersonBP/Blueprints/FirstPersonHUD.uasset" 91
"../../../../../GeekBrainsUE4/Litvinov_S_22_03_21/Content/Download/FirstPersonBP/Blueprints/FirstPersonGameMode.uasset" 92
"../../../../../GeekBrainsUE4/Litvinov_S_22_03_21/Content/Download/Mannequin/Character/Mesh/UE4_Mannequin_Skeleton.uasset" 93
"../../../../../GeekBrainsUE4/Litvinov_S_22_03_21/Content/Download/Mannequin/Animations/ThirdPersonJump_End.uasset" 94
"../../../../../GeekBrainsUE4/Litvinov_S_22_03_21/Content/Download/StarterContent/Materials/M_Basic_Wall.uasset" 95
"../../../../../GeekBrainsUE4/Litvinov_S_22_03_21/Content/Download/StarterContent/Architecture/Pillar_50x500.uasset" 96
"../../../../../GeekBrainsUE4/Litvinov_S_22_03_21/Content/Download/StarterContent/Architecture/Wall_400x300.uasset" 97
"../../../../../GeekBrainsUE4/Litvinov_S_22_03_21/Content/Download/StarterContent/Architecture/Wall_400x400.uasset" 98
"../../../../../GeekBrainsUE4/Litvinov_S_22_03_21/Content/Download/StarterContent/Architecture/Wall_500x500.uasset" 99
"../../../../../GeekBrainsUE4/Litvinov_S_22_03_21/Content/Download/StarterContent/Architecture/Wall_Door_400x400.uasset" 100
"../../../../../GeekBrainsUE4/Litvinov_S_22_03_21/Content/Download/StarterContent/Architecture/Wall_Window_400x400.uasset" 101
"../../../../../GeekBrainsUE4/Litvinov_S_22_03_21/Content/Download/StarterContent/Audio/Collapse01.uasset" 102
"../../../../../GeekBrainsUE4/Litvinov_S_22_03_21/Content/Download/StarterContent/Audio/Collapse02.uasset" 103
"../../../../../GeekBrainsUE4/Litvinov_S_22_03_21/Content/Download/StarterContent/Audio/Explosion01.uasset" 104
"../../../../../GeekBrainsUE4/Litvinov_S_22_03_21/Content/Download/StarterContent/Audio/Explosion02.uasset" 105
"../../../../../GeekBrainsUE4/Litvinov_S_22_03_21/Content/Download/StarterContent/Audio/Light01.uasset" 106
"../../../../../GeekBrainsUE4/Litvinov_S_22_03_21/Content/Download/StarterContent/Audio/Light01_Cue.uasset" 107
"../../../../../GeekBrainsUE4/Litvinov_S_22_03_21/Content/Download/StarterContent/Audio/Light02.uasset" 108
"../../../../../GeekBrainsUE4/Litvinov_S_22_03_21/Content/Download/StarterContent/Audio/Light02_Cue.uasset" 109
"../../../../../GeekBrainsUE4/Litvinov_S_22_03_21/Content/Download/StarterContent/Audio/Explosion_Cue.uasset" 110
"../../../../../GeekBrainsUE4/Litvinov_S_22_03_21/Content/Download/StarterContent/Textures/T_Burst_M.uasset" 111
"../../../../../GeekBrainsUE4/Litvinov_S_22_03_21/Content/Download/StarterContent/Particles/Materials/M_Burst.uasset" 112
"../../../../../GeekBrainsUE4/Litvinov_S_22_03_21/Content/Download/StarterContent/Textures/T_Explosion_SubUV.uasset" 113
"../../../../../GeekBrainsUE4/Litvinov_S_22_03_21/Content/Download/StarterContent/Particles/Materials/M_explosion_subUV.uasset" 114
"../../../../../GeekBrainsUE4/Litvinov_S_22_03_21/Content/Download/StarterContent/Particles/Materials/m_flare_01.uasset" 115
"../../../Engine/Content/Functions/Engine_MaterialFunctions01/Gradient/RadialGradient.uasset" 116
"../../../../../GeekBrainsUE4/Litvinov_S_22_03_21/Content/Download/StarterContent/Particles/Materials/M_radial_ramp.uasset" 117
"../../../../../GeekBrainsUE4/Litvinov_S_22_03_21/Content/Download/StarterContent/Textures/T_Smoke_SubUV.uasset" 118
"../../../../../GeekBrainsUE4/Litvinov_S_22_03_21/Content/Download/StarterContent/Textures/T_Smoke_Tiled_D.uasset" 119
"../../../../../GeekBrainsUE4/Litvinov_S_22_03_21/Content/Download/StarterContent/Particles/Materials/M_smoke_subUV.uasset" 120
"../../../../../GeekBrainsUE4/Litvinov_S_22_03_21/Content/Download/StarterContent/Particles/P_Explosion.uasset" 121
"../../../../../GeekBrainsUE4/Litvinov_S_22_03_21/Content/Download/StarterContent/Blueprints/Blueprint_Effect_Explosion.uasset" 122
"../../../Engine/Content/EditorMeshes/ColorCalibrator/T_ColorGrid.uasset" 123
"../../../../../GeekBrainsUE4/Litvinov_S_22_03_21/Content/Download/StarterContent/Materials/M_ColorGrid_LowSpec.uasset" 124
"../../../../../GeekBrainsUE4/Litvinov_S_22_03_21/Content/Download/StarterContent/Textures/T_Bush_D.uasset" 125
"../../../../../GeekBrainsUE4/Litvinov_S_22_03_21/Content/Download/StarterContent/Textures/T_Bush_N.uasset" 126
"../../../../../GeekBrainsUE4/Litvinov_S_22_03_21/Content/Download/StarterContent/Props/Materials/M_Bush.uasset" 127
"../../../../../GeekBrainsUE4/Litvinov_S_22_03_21/Content/Download/StarterContent/Props/SM_Bush.uasset" 128
"../../../../../GeekBrainsUE4/Litvinov_S_22_03_21/Content/Download/StarterContent/Textures/T_Chair_M.uasset" 129
"../../../../../GeekBrainsUE4/Litvinov_S_22_03_21/Content/Download/StarterContent/Textures/T_Chair_N.uasset" 130
"../../../../../GeekBrainsUE4/Litvinov_S_22_03_21/Content/Download/StarterContent/Props/Materials/M_Chair.uasset" 131
"../../../../../GeekBrainsUE4/Litvinov_S_22_03_21/Content/Download/StarterContent/Props/SM_Couch.uasset" 132
"../../../../../GeekBrainsUE4/Litvinov_S_22_03_21/Content/Download/StarterContent/Props/Materials/M_MaterialSphere.uasset" 133
"../../../../../GeekBrainsUE4/Litvinov_S_22_03_21/Content/Download/StarterContent/Props/Materials/M_MaterialSphere_Plain.uasset" 134
"../../../../../GeekBrainsUE4/Litvinov_S_22_03_21/Content/Download/StarterContent/Props/SM_MatPreviewMesh_02.uasset" 135
"../../../../../GeekBrainsUE4/Litvinov_S_22_03_21/Content/Download/StarterContent/Textures/T_Detail_Rocky_N.uasset" 136
"../../../../../GeekBrainsUE4/Litvinov_S_22_03_21/Content/Download/StarterContent/Textures/T_Rock_Basalt_D.uasset" 137
"../../../../../GeekBrainsUE4/Litvinov_S_22_03_21/Content/Download/StarterContent/Textures/T_RockMesh_M.uasset" 138
"../../../../../GeekBrainsUE4/Litvinov_S_22_03_21/Content/Download/StarterContent/Textures/T_RockMesh_N.uasset" 139
"../../../../../GeekBrainsUE4/Litvinov_S_22_03_21/Content/Download/StarterContent/Props/Materials/M_Rock.uasset" 140
"../../../../../GeekBrainsUE4/Litvinov_S_22_03_21/Content/Download/StarterContent/Props/SM_Rock.uasset" 141
"../../../../../GeekBrainsUE4/Litvinov_S_22_03_21/Content/Download/StarterContent/Textures/T_Shelf_M.uasset" 142
"../../../../../GeekBrainsUE4/Litvinov_S_22_03_21/Content/Download/StarterContent/Textures/T_Shelf_N.uasset" 143
"../../../../../GeekBrainsUE4/Litvinov_S_22_03_21/Content/Download/StarterContent/Props/Materials/M_Shelf.uasset" 144
"../../../../../GeekBrainsUE4/Litvinov_S_22_03_21/Content/Download/StarterContent/Props/SM_Shelf.uasset" 145
"../../../../../GeekBrainsUE4/Litvinov_S_22_03_21/Content/Download/StarterContent/Materials/M_Basic_Floor.uasset" 146
"../../../../../GeekBrainsUE4/Litvinov_S_22_03_21/Content/Download/StarterContent/Props/SM_Stairs.uasset" 147
"../../../../../GeekBrainsUE4/Litvinov_S_22_03_21/Content/Download/StarterContent/Shapes/Shape_Cone.uasset" 148
"../../../../../GeekBrainsUE4/Litvinov_S_22_03_21/Content/Download/StarterContent/Shapes/Shape_NarrowCapsule.uasset" 149
"../../../../../GeekBrainsUE4/Litvinov_S_22_03_21/Content/Download/StarterContent/Shapes/Shape_Pipe.uasset" 150
"../../../../../GeekBrainsUE4/Litvinov_S_22_03_21/Content/Download/StarterContent/Shapes/Shape_Pipe_180.uasset" 151
"../../../../../GeekBrainsUE4/Litvinov_S_22_03_21/Content/Download/StarterContent/Shapes/Shape_Pipe_90.uasset" 152
"../../../../../GeekBrainsUE4/Litvinov_S_22_03_21/Content/Download/StarterContent/Shapes/Shape_Plane.uasset" 153
"../../../../../GeekBrainsUE4/Litvinov_S_22_03_21/Content/Download/StarterContent/Shapes/Shape_Torus.uasset" 154
"../../../../../GeekBrainsUE4/Litvinov_S_22_03_21/Content/Download/StarterContent/Shapes/Shape_Trim.uasset" 155
"../../../../../GeekBrainsUE4/Litvinov_S_22_03_21/Content/Download/StarterContent/Shapes/Shape_Trim_90_In.uasset" 156
"../../../../../GeekBrainsUE4/Litvinov_S_22_03_21/Content/Download/StarterContent/Shapes/Shape_Trim_90_Out.uasset" 157
"../../../../../GeekBrainsUE4/Litvinov_S_22_03_21/Content/Download/StarterContent/Shapes/Shape_TriPyramid.uasset" 158
"../../../../../GeekBrainsUE4/Litvinov_S_22_03_21/Content/Download/StarterContent/Shapes/Shape_Tube.uasset" 159
"../../../../../GeekBrainsUE4/Litvinov_S_22_03_21/Content/Download/StarterContent/Shapes/Shape_Wedge_A.uasset" 160
"../../../../../GeekBrainsUE4/Litvinov_S_22_03_21/Content/Download/StarterContent/Shapes/Shape_Wedge_B.uasset" 161
"../../../../../GeekBrainsUE4/Litvinov_S_22_03_21/Content/Download/StarterContent/Shapes/Shape_WideCapsule.uasset" 162
"../../../../../GeekBrainsUE4/Litvinov_S_22_03_21/Content/Download/ThirdPersonBP/ThirdPersonOverview.uasset" 163
"../../../../../GeekBrainsUE4/Litvinov_S_22_03_21/Content/Download/Mannequin/Animations/ThirdPerson_Jump.uasset" 164
"../../../../../GeekBrainsUE4/Litvinov_S_22_03_21/Content/Download/Mannequin/Animations/ThirdPersonJump_Loop.uasset" 165
"../../../../../GeekBrainsUE4/Litvinov_S_22_03_21/Content/Download/Mannequin/Animations/ThirdPersonJump_Start.uasset" 166
"../../../../../GeekBrainsUE4/Litvinov_S_22_03_21/Content/Download/Mannequin/Animations/ThirdPersonIdle.uasset" 167
"../../../../../GeekBrainsUE4/Litvinov_S_22_03_21/Content/Download/Mannequin/Animations/ThirdPersonRun.uasset" 168
"../../../../../GeekBrainsUE4/Litvinov_S_22_03_21/Content/Download/Mannequin/Animations/ThirdPersonWalk.uasset" 169
"../../../../../GeekBrainsUE4/Litvinov_S_22_03_21/Content/Download/Mannequin/Animations/ThirdPerson_IdleRun_2D.uasset" 170
"../../../../../GeekBrainsUE4/Litvinov_S_22_03_21/Content/Download/Mannequin/Animations/ThirdPerson_AnimBP.uasset" 171
"../../../../../GeekBrainsUE4/Litvinov_S_22_03_21/Content/Download/Mannequin/Character/Materials/MaterialLayers/T_ML_Rubber_Blue_01_D.uasset" 172
"../../../../../GeekBrainsUE4/Litvinov_S_22_03_21/Content/Download/Mannequin/Character/Materials/MaterialLayers/T_ML_Rubber_Blue_01_N.uasset" 173
"../../../../../GeekBrainsUE4/Litvinov_S_22_03_21/Content/Download/Mannequin/Character/Materials/MaterialLayers/ML_GlossyBlack_Latex_UE4.uasset" 174
"../../../../../GeekBrainsUE4/Litvinov_S_22_03_21/Content/Download/Mannequin/Character/Materials/MaterialLayers/ML_Plastic_Shiny_Beige.uasset" 175
"../../../../../GeekBrainsUE4/Litvinov_S_22_03_21/Content/Download/Mannequin/Character/Textures/UE4_LOGO_CARD.uasset" 176
"../../../../../GeekBrainsUE4/Litvinov_S_22_03_21/Content/Download/Mannequin/Character/Materials/MaterialLayers/ML_Plastic_Shiny_Beige_LOGO.uasset" 177
"../../../../../GeekBrainsUE4/Litvinov_S_22_03_21/Content/Download/Mannequin/Character/Materials/MaterialLayers/T_ML_Aluminum01.uasset" 178
"../../../../../GeekBrainsUE4/Litvinov_S_22_03_21/Content/Download/Mannequin/Character/Materials/MaterialLayers/T_ML_Aluminum01_N.uasset" 179
"../../../../../GeekBrainsUE4/Litvinov_S_22_03_21/Content/Download/Mannequin/Character/Materials/MaterialLayers/ML_SoftMetal_UE4.uasset" 180
"../../../../../GeekBrainsUE4/Litvinov_S_22_03_21/Content/Download/Mannequin/Character/Textures/UE4_Mannequin__normals.uasset" 181
"../../../../../GeekBrainsUE4/Litvinov_S_22_03_21/Content/Download/Mannequin/Character/Textures/UE4_Mannequin_MAT_MASKA.uasset" 182
"../../../../../GeekBrainsUE4/Litvinov_S_22_03_21/Content/Download/Mannequin/Character/Materials/M_UE4Man_Body.uasset" 183
"../../../../../GeekBrainsUE4/Litvinov_S_22_03_21/Content/Download/Mannequin/Character/Textures/UE4Man_Logo_N.uasset" 184
"../../../../../GeekBrainsUE4/Litvinov_S_22_03_21/Content/Download/Mannequin/Character/Materials/M_UE4Man_ChestLogo.uasset" 185
"../../../../../GeekBrainsUE4/Litvinov_S_22_03_21/Content/Download/Mannequin/Character/Mesh/SK_Mannequin_PhysicsAsset.uasset" 186
"../../../../../GeekBrainsUE4/Litvinov_S_22_03_21/Content/Download/Mannequin/Character/Mesh/SK_Mannequin.uasset" 187
"../../../../../GeekBrainsUE4/Litvinov_S_22_03_21/Content/Download/ThirdPersonBP/Blueprints/ThirdPersonCharacter.uasset" 188
"../../../../../GeekBrainsUE4/Litvinov_S_22_03_21/Content/Download/ThirdPersonBP/Blueprints/ThirdPersonGameMode.uasset" 189
"../../../../../GeekBrainsUE4/Litvinov_S_22_03_21/Content/Download/StarterContent/Textures/T_Lamp_M.uasset" 190
"../../../../../GeekBrainsUE4/Litvinov_S_22_03_21/Content/Download/StarterContent/Textures/T_Lamp_N.uasset" 191
"../../../../../GeekBrainsUE4/Litvinov_S_22_03_21/Content/Download/StarterContent/Props/Materials/M_Lamp.uasset" 192
"../../../../../GeekBrainsUE4/Litvinov_S_22_03_21/Content/Download/StarterContent/Props/SM_Lamp_Ceiling.uasset" 193
"../../../../../GeekBrainsUE4/Litvinov_S_22_03_21/Content/Litvinov/Objects/BaseLamp.uasset" 194
"../../../../../GeekBrainsUE4/Litvinov_S_22_03_21/Content/Litvinov/BaseLamp.uasset" 195
"../../../../../GeekBrainsUE4/Litvinov_S_22_03_21/Content/Download/StarterContent/Textures/T_MacroVariation.uasset" 196
"../../../../../GeekBrainsUE4/Litvinov_S_22_03_21/Content/Download/StarterContent/Textures/T_Wood_Walnut_D.uasset" 197
"../../../../../GeekBrainsUE4/Litvinov_S_22_03_21/Content/Download/StarterContent/Textures/T_Wood_Walnut_N.uasset" 198
"../../../../../GeekBrainsUE4/Litvinov_S_22_03_21/Content/Download/StarterContent/Materials/M_Wood_Walnut.uasset" 199
"../../../../../GeekBrainsUE4/Litvinov_S_22_03_21/Content/Download/StarterContent/Textures/T_Fire_SubUV.uasset" 200
"../../../../../GeekBrainsUE4/Litvinov_S_22_03_21/Content/Download/StarterContent/Textures/T_Fire_Tiled_D.uasset" 201
"../../../../../GeekBrainsUE4/Litvinov_S_22_03_21/Content/Download/StarterContent/Particles/Materials/M_Fire_SubUV.uasset" 202
"../../../../../GeekBrainsUE4/Litvinov_S_22_03_21/Content/Download/StarterContent/Textures/T_Water_N.uasset" 203
"../../../../../GeekBrainsUE4/Litvinov_S_22_03_21/Content/Download/StarterContent/Particles/Materials/M_Heat_Distortion.uasset" 204
"../../../../../GeekBrainsUE4/Litvinov_S_22_03_21/Content/Download/StarterContent/Particles/Materials/M_Radial_Gradient.uasset" 205
"../../../../../GeekBrainsUE4/Litvinov_S_22_03_21/Content/Download/StarterContent/Particles/P_Fire.uasset" 206
"../../../Engine/Content/Functions/Engine_MaterialFunctions01/Opacity/CameraDepthFade.uasset" 207
"../../../Engine/Content/EngineMaterials/T_Default_Material_Grid_M.uasset" 208
"../../../Engine/Content/EngineMaterials/T_Default_Material_Grid_N.uasset" 209
"../../../Engine/Content/EngineMaterials/WorldGridMaterial.uasset" 210
"../../../../../GeekBrainsUE4/Litvinov_S_22_03_21/Content/Download/StarterContent/Props/MaterialSphere.uasset" 211
"../../../../../GeekBrainsUE4/Litvinov_S_22_03_21/Content/Download/StarterContent/Shapes/Shape_Cylinder.uasset" 212
"../../../../../GeekBrainsUE4/Litvinov_S_22_03_21/Content/Litvinov/Objects/Campfire.uasset" 213
"../../../../../GeekBrainsUE4/Litvinov_S_22_03_21/Content/Litvinov/Campfire.uasset" 214
"../../../../../GeekBrainsUE4/Litvinov_S_22_03_21/Content/Download/StarterContent/Materials/M_Glass.uasset" 215
"../../../../../GeekBrainsUE4/Litvinov_S_22_03_21/Content/Download/StarterContent/Textures/T_Door_M.uasset" 216
"../../../../../GeekBrainsUE4/Litvinov_S_22_03_21/Content/Download/StarterContent/Textures/T_Door_N.uasset" 217
"../../../../../GeekBrainsUE4/Litvinov_S_22_03_21/Content/Download/StarterContent/Props/Materials/M_Door.uasset" 218
"../../../../../GeekBrainsUE4/Litvinov_S_22_03_21/Content/Download/StarterContent/Props/SM_Door.uasset" 219
"../../../../../GeekBrainsUE4/Litvinov_S_22_03_21/Content/Litvinov/Objects/Door.uasset" 220
"../../../../../GeekBrainsUE4/Litvinov_S_22_03_21/Content/Litvinov/Door.uasset" 221
"../../../../../GeekBrainsUE4/Litvinov_S_22_03_21/Content/Download/StarterContent/Textures/T_Metal_Copper_D.uasset" 222
"../../../../../GeekBrainsUE4/Litvinov_S_22_03_21/Content/Download/StarterContent/Textures/T_Metal_Gold_N.uasset" 223
"../../../../../GeekBrainsUE4/Litvinov_S_22_03_21/Content/Download/StarterContent/Materials/M_Metal_Copper.uasset" 224
"../../../../../GeekBrainsUE4/Litvinov_S_22_03_21/Content/Litvinov/Objects/Fan.uasset" 225
"../../../../../GeekBrainsUE4/Litvinov_S_22_03_21/Content/Litvinov/Fan.uasset" 226
"../../../../../GeekBrainsUE4/Litvinov_S_22_03_21/Content/Trash/TestBaseLamp.uasset" 227
"../../../../../GeekBrainsUE4/Litvinov_S_22_03_21/Content/Litvinov/TestBaseLamp.uasset" 228
"../../../../../GeekBrainsUE4/Litvinov_S_22_03_21/Content/Litvinov/TestLevel_22_03_21.uasset" 229
"../../../../../GeekBrainsUE4/Litvinov_S_22_03_21/Content/Litvinov/Levels/TestLevel_22_03_21_BuiltData.uasset" 230
"../../../../../GeekBrainsUE4/Litvinov_S_22_03_21/Content/Litvinov/TestLevel_22_03_21_BuiltData.uasset" 231
"../../../../../GeekBrainsUE4/Litvinov_S_22_03_21/Content/Download/StarterContent/Textures/T_Perlin_Noise_M.uasset" 232
"../../../../../GeekBrainsUE4/Litvinov_S_22_03_21/Content/Download/StarterContent/Textures/T_Rock_Sandstone_D.uasset" 233
"../../../../../GeekBrainsUE4/Litvinov_S_22_03_21/Content/Download/StarterContent/Textures/T_Rock_Sandstone_N.uasset" 234
"../../../../../GeekBrainsUE4/Litvinov_S_22_03_21/Content/Download/StarterContent/Materials/M_Rock_Sandstone.uasset" 235
"../../../../../GeekBrainsUE4/Litvinov_S_22_03_21/Content/Litvinov/Objects/Torch.uasset" 236
"../../../../../GeekBrainsUE4/Litvinov_S_22_03_21/Content/Litvinov/Torch.uasset" 237
"../../../../../GeekBrainsUE4/Litvinov_S_22_03_21/Content/Litvinov/Characters/StatusAC.uasset" 238
"../../../../../GeekBrainsUE4/Litvinov_S_22_03_21/Content/Litvinov/Weapons/AmmoAC.uasset" 239
"../../../Engine/Content/BasicShapes/BasicShapeMaterial.uasset" 240
"../../../Engine/Content/EngineMaterials/DefaultMaterial.uasset" 241
"../../../Engine/Content/BasicShapes/Sphere.uasset" 242
"../../../../../GeekBrainsUE4/Litvinov_S_22_03_21/Content/Litvinov/Weapons/AmmoBase.uasset" 243
"../../../Engine/Content/BasicShapes/Cube.uasset" 244
"../../../Engine/Content/VREditor/Sounds/UI/Click_on_Button_Cue.uasset" 245
"../../../../../GeekBrainsUE4/Litvinov_S_22_03_21/Content/Litvinov/Weapons/WeaponBase.uasset" 246
"../../../Engine/Content/MapTemplates/Materials/BasicAsset01.uasset" 247
"../../../../../GeekBrainsUE4/Litvinov_S_22_03_21/Content/Litvinov/Weapons/SpecialAmmo.uasset" 248
"../../../../../GeekBrainsUE4/Litvinov_S_22_03_21/Content/Litvinov/Weapons/SK_FPGun.uasset" 249
"../../../../../GeekBrainsUE4/Litvinov_S_22_03_21/Content/Litvinov/Weapons/Gun.uasset" 250
"../../../../../GeekBrainsUE4/Litvinov_S_22_03_21/Content/Litvinov/Characters/MainCharacter.uasset" 251
"../../../../../GeekBrainsUE4/Litvinov_S_22_03_21/Content/Trash/FastChar.uasset" 252
"../../../../../GeekBrainsUE4/Litvinov_S_22_03_21/Content/Litvinov/Characters/FastChar.uasset" 253
"../../../../../GeekBrainsUE4/Litvinov_S_22_03_21/Content/Trash/SlowChar.uasset" 254
"../../../../../GeekBrainsUE4/Litvinov_S_22_03_21/Content/Litvinov/Characters/SlowChar.uasset" 255
"../../../../../GeekBrainsUE4/Litvinov_S_22_03_21/Content/Trash/SprintChar.uasset" 256
"../../../../../GeekBrainsUE4/Litvinov_S_22_03_21/Content/Litvinov/Characters/SprintChar.uasset" 257
"../../../../../GeekBrainsUE4/Litvinov_S_22_03_21/Content/Litvinov/Main/MainController.uasset" 258
"../../../../../GeekBrainsUE4/Litvinov_S_22_03_21/Content/Litvinov/Main/MainGM.uasset" 259
"../../../../../GeekBrainsUE4/Litvinov_S_22_03_21/Content/Download/StarterContent/Textures/T_Brick_Cut_Stone_D.uasset" 260
"../../../../../GeekBrainsUE4/Litvinov_S_22_03_21/Content/Download/StarterContent/Textures/T_Brick_Cut_Stone_N.uasset" 261
"../../../../../GeekBrainsUE4/Litvinov_S_22_03_21/Content/Download/StarterContent/Materials/M_Brick_Cut_Stone.uasset" 262
"../../../../../GeekBrainsUE4/Litvinov_S_22_03_21/Content/Trash/PressPlate.uasset" 263
"../../../../../GeekBrainsUE4/Litvinov_S_22_03_21/Content/Litvinov/Objects/PressPlate.uasset" 264
"../../../../../GeekBrainsUE4/Litvinov_S_22_03_21/Content/Trash/TestActor1.uasset" 265
"../../../Engine/Content/Animation/DefaultAnimCurveCompressionSettings.uasset" 266
"../../../Engine/Content/ArtTools/RenderToTexture/Meshes/S_1_Unit_Plane.uasset" 267
"../../../Engine/Content/BasicShapes/Cone.uasset" 268
"../../../Engine/Content/BasicShapes/Plane.uasset" 269
"../../../Engine/Content/EditorLandscapeResources/DataLayer.uasset" 270
"../../../Engine/Content/EditorMaterials/MAT_Groups_Toggle.uasset" 271
"../../../Engine/Content/EditorMaterials/MAT_Groups_Visibility.uasset" 272
"../../../Engine/Content/EditorMaterials/PreviewShadowIndicator.uasset" 273
"../../../Engine/Content/EditorMaterials/PreviewShadowIndicatorMaterial.uasset" 274
"../../../Engine/Content/EditorMaterials/MatineeGroups/MAT_ColorTrack.uasset" 275
"../../../Engine/Content/EditorMaterials/MatineeGroups/MAT_Groups_Anim.uasset" 276
"../../../Engine/Content/EditorMaterials/MatineeGroups/MAT_Groups_AudioMaster.uasset" 277
"../../../Engine/Content/EditorMaterials/MatineeGroups/MAT_Groups_Director.uasset" 278
"../../../Engine/Content/EditorMaterials/MatineeGroups/MAT_Groups_Event.uasset" 279
"../../../Engine/Content/EditorMaterials/MatineeGroups/MAT_Groups_Fade.uasset" 280
"../../../Engine/Content/EditorMaterials/MatineeGroups/MAT_Groups_Float.uasset" 281
"../../../Engine/Content/EditorMaterials/MatineeGroups/MAT_Groups_Move.uasset" 282
"../../../Engine/Content/EditorMaterials/MatineeGroups/MAT_Groups_Slomo.uasset" 283
"../../../Engine/Content/EditorMaterials/MatineeGroups/MAT_Groups_Sound.uasset" 284
"../../../Engine/Content/EditorMaterials/MatineeGroups/MAT_Groups_Vector.uasset" 285
"../../../Engine/Content/EditorMaterials/ParticleSystems/PSysThumbnail_NoImage.uasset" 286
"../../../Engine/Content/EditorMaterials/ParticleSystems/PSysThumbnail_OOD.uasset" 287
"../../../Engine/Content/EditorMaterials/Camera/CineMat.uasset" 288
"../../../Engine/Content/EditorMaterials/Camera/MI_CineMat_Rig.uasset" 289
"../../../Engine/Content/EditorMeshes/Camera/SM_CraneRig_Arm.uasset" 290
"../../../Engine/Content/EditorMeshes/Camera/SM_CraneRig_Base.uasset" 291
"../../../Engine/Content/EditorMeshes/Camera/SM_CraneRig_Body.uasset" 292
"../../../Engine/Content/EditorMeshes/Camera/SM_CraneRig_Mount.uasset" 293
"../../../Engine/Content/EditorMeshes/Camera/SM_RailRig_Mount.uasset" 294
"../../../Engine/Content/EditorMeshes/Camera/SM_RailRig_Track.uasset" 295
"../../../Engine/Content/EditorResources/BSPVertex.uasset" 296
"../../../Engine/Content/EditorResources/EmptyActor.uasset" 297
"../../../Engine/Content/EditorResources/S_Actor.uasset" 298
"../../../Engine/Content/EditorResources/S_Note.uasset" 299
"../../../Engine/Content/EditorResources/S_Solver.uasset" 300
"../../../Engine/Content/EditorResources/S_Trigger.uasset" 301
"../../../Engine/Content/EditorResources/AudioIcons/S_AudioComponent.uasset" 302
"../../../Engine/Content/EditorResources/AudioIcons/S_AudioComponent_AutoActivate.uasset" 303
"../../../Engine/Content/EditorResources/LightIcons/S_LightError.uasset" 304
"../../../Engine/Content/EditorResources/SequenceRecorder/Countdown.uasset" 305
"../../../Engine/Content/EditorResources/SequenceRecorder/RecordingIndicator.uasset" 306
"../../../Engine/Content/EditorSounds/Notifications/CompileFailed.uasset" 307
"../../../Engine/Content/EditorSounds/Notifications/CompileFailed_Cue.uasset" 308
"../../../Engine/Content/EditorSounds/Notifications/CompileSuccess.uasset" 309
"../../../Engine/Content/EditorSounds/Notifications/CompileStart_Cue.uasset" 310
"../../../Engine/Content/EditorSounds/Notifications/CompileSuccess_Cue.uasset" 311
"../../../Engine/Content/EngineDamageTypes/DmgTypeBP_Environmental.uasset" 312
"../../../Engine/Content/EngineDebugMaterials/DebugEditorMaterial.uasset" 313
"../../../Engine/Content/EngineDebugMaterials/DebugMeshMaterial.uasset" 314
"../../../Engine/Content/EngineDebugMaterials/M_SimpleUnlitTranslucent.uasset" 315
"../../../Engine/Content/Functions/Engine_MaterialFunctions02/Utility/CameraDirectionVector.uasset" 316
"../../../Engine/Content/EngineDebugMaterials/VolumeToRender.uasset" 317
"../../../Engine/Content/EngineDebugMaterials/M_VolumeRenderSphereTracePP.uasset" 318
"../../../Engine/Content/EngineDebugMaterials/WireframeMaterial.uasset" 319
"../../../Engine/Content/EngineFonts/Faces/DroidSansFallback.uasset" 320
"../../../Engine/Content/EngineFonts/Faces/RobotoBold.uasset" 321
"../../../Engine/Content/EngineFonts/Faces/RobotoBoldItalic.uasset" 322
"../../../Engine/Content/EngineFonts/Faces/RobotoItalic.uasset" 323
"../../../Engine/Content/EngineFonts/Faces/RobotoLight.uasset" 324
"../../../Engine/Content/EngineFonts/Faces/RobotoRegular.uasset" 325
"../../../Engine/Content/EngineFonts/Roboto.uasset" 326
"../../../Engine/Content/EngineMaterials/BaseFlattenDiffuseMap.uasset" 327
"../../../Engine/Content/EngineMaterials/BaseFlattenEmissiveMap.uasset" 328
"../../../Engine/Content/EngineMaterials/BaseFlattenGrayscaleMap.uasset" 329
"../../../Engine/Content/EngineMaterials/BaseFlattenNormalMap.uasset" 330
"../../../Engine/Content/EngineMaterials/BaseFlattenMaterial.uasset" 331
"../../../Engine/Content/EngineMaterials/BlueNoise.uasset" 332
"../../../Engine/Content/EngineMaterials/DefaultBloomKernel.uasset" 333
"../../../Engine/Content/EngineMaterials/DefaultBokeh.uasset" 334
"../../../Engine/Content/EngineMaterials/DefaultDiffuse.uasset" 335
"../../../Engine/Content/EngineMaterials/DefaultDeferredDecalMaterial.uasset" 336
"../../../Engine/Content/EngineMaterials/DefaultLightFunctionMaterial.uasset" 337
"../../../Engine/Content/EngineMaterials/DefaultPhysicalMaterial.uasset" 338
"../../../Engine/Content/Functions/Engine_MaterialFunctions02/Utility/BreakOutFloat2Components.uasset" 339
"../../../Engine/Content/EngineMaterials/DefaultPostProcessMaterial.uasset" 340
"../../../Engine/Content/EngineFonts/RobotoDistanceField.uasset" 341
"../../../Engine/Content/EngineMaterials/DefaultTextMaterialOpaque.uasset" 342
"../../../Engine/Content/EngineMaterials/DefaultWhiteGrid.uasset" 343
"../../../Engine/Content/EngineMaterials/DefaultWhiteGrid_Low.uasset" 344
"../../../Engine/Content/EngineMaterials/EmissiveMeshMaterial.uasset" 345
"../../../Engine/Content/EngineMaterials/GizmoMaterial.uasset" 346
"../../../Engine/Content/EngineMaterials/Good64x64TilingNoiseHighFreq.uasset" 347
"../../../Engine/Content/EngineMaterials/MiniFont.uasset" 348
"../../../Engine/Content/EngineMaterials/InvalidLightmapSettings.uasset" 349
"../../../Engine/Content/EngineMaterials/M_InvalidLightmapSettings.uasset" 350
"../../../Engine/Content/Functions/Engine_MaterialFunctions02/WorldPositionOffset/CameraOffset.uasset" 351
"../../../Engine/Content/EngineMaterials/PhAT_JointLimitMaterial.uasset" 352
"../../../Engine/Content/EngineMaterials/PreintegratedSkinBRDF.uasset" 353
"../../../Engine/Content/EngineMaterials/RemoveSurfaceMaterial.uasset" 354
"../../../Engine/Content/EngineMaterials/WeightMapPlaceholderTexture.uasset" 355
"../../../Engine/Content/EngineResources/WhiteSquareTexture.uasset" 356
"../../../Engine/Content/EngineMaterials/Widget3DPassThrough.uasset" 357
"../../../Engine/Content/EngineMaterials/Widget3DPassThrough_Masked.uasset" 358
"../../../Engine/Content/EngineMaterials/Widget3DPassThrough_Opaque.uasset" 359
"../../../Engine/Content/EngineMaterials/Widget3DPassThrough_Masked_OneSided.uasset" 360
"../../../Engine/Content/EngineMaterials/Widget3DPassThrough_Opaque_OneSided.uasset" 361
"../../../Engine/Content/EngineMaterials/Widget3DPassThrough_Translucent.uasset" 362
"../../../Engine/Content/EngineMaterials/Widget3DPassThrough_Translucent_OneSided.uasset" 363
"../../../Engine/Content/EngineMeshes/Cylinder.uasset" 364
"../../../Engine/Content/EngineMeshes/Sphere.uasset" 365
"../../../Engine/Content/EngineResources/Black.uasset" 366
"../../../Engine/Content/EngineResources/DefaultTexture.uasset" 367
"../../../Engine/Content/EngineResources/DefaultTextureCube.uasset" 368
"../../../Engine/Content/EngineResources/DefaultVolumeTexture2D.uasset" 369
"../../../Engine/Content/EngineResources/DefaultVolumeTexture.uasset" 370
"../../../Engine/Content/EngineResources/GradientTexture0.uasset" 371
"../../../Engine/Content/EngineSounds/Master.uasset" 372
"../../../Engine/Content/Functions/Engine_MaterialFunctions01/Shading/ConvertFromDiffSpec.uasset" 373
"../../../Engine/Content/Functions/Engine_MaterialFunctions01/Shading/PowerToRoughness.uasset" 374
"../../../Engine/Content/Maps/Templates/Thumbnails/Default.uasset" 375
"../../../Engine/Content/Maps/Templates/Thumbnails/TimeOfDay.uasset" 376
"../../../Engine/Content/Maps/Templates/Thumbnails/VR-Basic.uasset" 377
"../../../Engine/Content/MobileResources/T_MobileControls_texture.uasset" 378
"../../../Engine/Content/MobileResources/T_MobileMenu2.uasset" 379
"../../../Engine/Content/MobileResources/HUD/AnalogHat.uasset" 380
"../../../Engine/Content/MobileResources/HUD/VirtualJoystick_Background.uasset" 381
"../../../Engine/Content/MobileResources/HUD/VirtualJoystick_Thumb.uasset" 382
"../../../Engine/Content/MobileResources/HUD/DefaultVirtualJoysticks.uasset" 383
"../../../Engine/Content/MobileResources/HUD/LeftVirtualJoystickOnly.uasset" 384
"../../../Engine/Content/MobileResources/HUD/MobileHUDButton1_off.uasset" 385
"../../../Engine/Content/MobileResources/HUD/MobileHUDButton1_on.uasset" 386
"../../../Engine/Content/MobileResources/HUD/MobileHUDButton2_off.uasset" 387
"../../../Engine/Content/MobileResources/HUD/MobileHUDButton2_on.uasset" 388
"../../../Engine/Content/MobileResources/HUD/MobileHUDButton3.uasset" 389
"../../../Engine/Content/MobileResources/HUD/MobileHUDButtonFire.uasset" 390
"../../../Engine/Content/MobileResources/HUD/MobileHUDDirectionPad.uasset" 391
"../../../Engine/Content/MobileResources/HUD/MobileHUDDirectionPad2.uasset" 392
"../../../Engine/Content/MobileResources/HUD/MobileHUDDirectionPad3.uasset" 393
"../../../Engine/Content/MobileResources/HUD/MobileHUDDirectionStick.uasset" 394
"../../../Engine/Content/MobileResources/HUD/T_Castle_ThumbstickInner.uasset" 395
"../../../Engine/Content/MobileResources/HUD/T_Castle_ThumbstickOutter.uasset" 396
"../../../Engine/Content/Tutorial/ContentIntroCurve.uasset" 397
"../../../Engine/Content/Tutorial/Basics/LevelEditorAttract.uasset" 398
"../../../Engine/Content/Tutorial/Basics/TutorialAssets/icon_tab_Levels_40x.uasset" 399
"../../../Engine/Content/Tutorial/Basics/LevelEditorOverview.uasset" 400
"../../../Engine/Content/VREditor/Sounds/UI/Click_on_Button.uasset" 401
"../../../Engine/Content/VREditor/LaserPointer/VR_LaserPower_01.uasset" 402
"../../../Engine/Content/VREditor/TransformGizmo/TransformGizmoMaterial.uasset" 403
"../../../Engine/Content/VREditor/TransformGizmo/TranslucentTransformGizmoMaterial.uasset" 404
"../../../Engine/Content/VREditor/TransformGizmo/BoundingBoxCorner.uasset" 405
"../../../Engine/Content/VREditor/TransformGizmo/BoundingBoxEdge.uasset" 406
"../../../Engine/Content/VREditor/TransformGizmo/PlaneTranslationHandle.uasset" 407
"../../../Engine/Content/VREditor/TransformGizmo/Main.uasset" 408
"../../../Engine/Content/VREditor/TransformGizmo/Xray.uasset" 409
"../../../Engine/Content/VREditor/TransformGizmo/SM_Sequencer_Key.uasset" 410
"../../../Engine/Content/VREditor/TransformGizmo/SM_Sequencer_Node.uasset" 411
"../../Plugins/2D/Paper2D/Content/PlaceholderTextures/DummySpriteTexture.uasset" 412
"../../Plugins/2D/Paper2D/Content/DummySprite.uasset" 413
"../../Plugins/2D/Paper2D/Content/DefaultPaperTerrainMaterial.uasset" 414
"../../Plugins/2D/Paper2D/Content/DefaultSpriteMaterial.uasset" 415
"../../Plugins/2D/Paper2D/Content/MaskedUnlitSpriteMaterial.uasset" 416
"../../Plugins/2D/Paper2D/Content/OpaqueUnlitSpriteMaterial.uasset" 417
"../../Plugins/FX/Niagara/Content/Enums/ENiagaraBooleanLogicOps.uasset" 418
"../../Plugins/FX/Niagara/Content/Enums/ENiagaraCoordinateSpace.uasset" 419
"../../Plugins/FX/Niagara/Content/Enums/ENiagaraExpansionMode.uasset" 420
"../../Plugins/FX/Niagara/Content/Enums/ENiagaraOrientationAxis.uasset" 421
"../../Plugins/FX/Niagara/Content/Enums/ENiagaraRandomnessMode.uasset" 422
"../../../Engine/Content/Functions/Engine_MaterialFunctions02/Utility/BreakOutFloat4Components.uasset" 423
"../../../Engine/Content/Functions/Engine_MaterialFunctions02/Utility/MakeFloat2.uasset" 424
"../../../Engine/Content/Functions/Engine_MaterialFunctions02/Utility/MakeFloat3.uasset" 425
"../../Plugins/Runtime/Oculus/OculusVR/Content/Materials/OculusMR_ChromaKey.uasset" 426
"../../Plugins/Runtime/Oculus/OculusVR/Content/Materials/OculusMR_ChromaKey_Lit.uasset" 427
"../../Plugins/Runtime/Oculus/OculusVR/Content/Materials/OculusMR_OpaqueColoredMaterial.uasset" 428
"../../Plugins/Runtime/Oculus/OculusVR/Content/Materials/OculusMR_WhiteMaterial.uasset" 429
"../../../../../GeekBrainsUE4/Litvinov_S_22_03_21/Content/Download/AnimStarterPack/Crouch_Idle_Rifle_Hip.uasset" 430
"../../../../../GeekBrainsUE4/Litvinov_S_22_03_21/Content/Download/AnimStarterPack/Crouch_Idle_Rifle_Ironsights.uasset" 431
"../../../../../GeekBrainsUE4/Litvinov_S_22_03_21/Content/Download/AnimStarterPack/Crouch_Walk_Fwd_Rifle_Ironsights.uasset" 432
"../../../../../GeekBrainsUE4/Litvinov_S_22_03_21/Content/Download/AnimStarterPack/Equip_Pistol_Standing.uasset" 433
"../../../../../GeekBrainsUE4/Litvinov_S_22_03_21/Content/Download/AnimStarterPack/Fire_Rifle_Ironsights.uasset" 434
"../../../../../GeekBrainsUE4/Litvinov_S_22_03_21/Content/Download/AnimStarterPack/Hit_React_1.uasset" 435
"../../../../../GeekBrainsUE4/Litvinov_S_22_03_21/Content/Download/AnimStarterPack/Hit_React_2.uasset" 436
"../../../../../GeekBrainsUE4/Litvinov_S_22_03_21/Content/Download/AnimStarterPack/Hit_React_3.uasset" 437
"../../../../../GeekBrainsUE4/Litvinov_S_22_03_21/Content/Download/AnimStarterPack/Idle_Rifle_Hip_Break1.uasset" 438
"../../../../../GeekBrainsUE4/Litvinov_S_22_03_21/Content/Download/AnimStarterPack/Idle_Rifle_Hip_Break2.uasset" 439
"../../../../../GeekBrainsUE4/Litvinov_S_22_03_21/Content/Download/AnimStarterPack/Reload_Rifle_Hip.uasset" 440
"../../../../../GeekBrainsUE4/Litvinov_S_22_03_21/Content/Download/AnimStarterPack/Walk_Fwd_Rifle_Ironsights.uasset" 441
"../../../Engine/Content/EngineSky/C_Sky_Cloud_Color.uasset" 442
"../../../Engine/Content/EngineSky/C_Sky_Horizon_Color.uasset" 443
"../../../Engine/Content/EngineSky/C_Sky_Zenith_Color.uasset" 444
"../../../Engine/Content/EngineSky/T_Sky_Blue.uasset" 445
"../../../Engine/Content/EngineSky/T_Sky_Clouds_M.uasset" 446
"../../../Engine/Content/EngineSky/T_Sky_Stars.uasset" 447
"../../../Engine/Content/EngineSky/M_Sky_Panning_Clouds2.uasset" 448
"../../../Engine/Content/EngineSky/SM_SkySphere.uasset" 449
"../../../Engine/Content/EngineSky/BP_Sky_Sphere.uasset" 450
"../../../Engine/Content/TemplateResources/M_Template_Master.uasset" 451
"../../../Engine/Content/TemplateResources/MI_Template_BaseGray_03_Metal.uasset" 452
"../../../Engine/Content/Functions/MaterialLayerFunctions/MatLayerBlend_AO.uasset" 453
"../../../../../GeekBrainsUE4/Litvinov_S_22_03_21/Content/Download/AnimStarterPack/UE4_Mannequin/Materials/MaterialLayers/T_ML_Rubber_Blue_01_D.uasset" 454
"../../../../../GeekBrainsUE4/Litvinov_S_22_03_21/Content/Download/AnimStarterPack/UE4_Mannequin/Materials/MaterialLayers/T_ML_Rubber_Blue_01_N.uasset" 455
"../../../../../GeekBrainsUE4/Litvinov_S_22_03_21/Content/Download/AnimStarterPack/UE4_Mannequin/Materials/MaterialLayers/ML_GlossyBlack_Latex_UE4.uasset" 456
"../../../../../GeekBrainsUE4/Litvinov_S_22_03_21/Content/Download/AnimStarterPack/UE4_Mannequin/Materials/MaterialLayers/ML_Plastic_Shiny_Beige.uasset" 457
"../../../../../GeekBrainsUE4/Litvinov_S_22_03_21/Content/Download/AnimStarterPack/UE4_Mannequin/Textures/UE4_LOGO_CARD.uasset" 458
"../../../../../GeekBrainsUE4/Litvinov_S_22_03_21/Content/Download/AnimStarterPack/UE4_Mannequin/Materials/MaterialLayers/ML_Plastic_Shiny_Beige_LOGO.uasset" 459
"../../../../../GeekBrainsUE4/Litvinov_S_22_03_21/Content/Download/AnimStarterPack/UE4_Mannequin/Materials/MaterialLayers/T_ML_Aluminum01.uasset" 460
"../../../../../GeekBrainsUE4/Litvinov_S_22_03_21/Content/Download/AnimStarterPack/UE4_Mannequin/Materials/MaterialLayers/T_ML_Aluminum01_N.uasset" 461
"../../../../../GeekBrainsUE4/Litvinov_S_22_03_21/Content/Download/AnimStarterPack/UE4_Mannequin/Materials/MaterialLayers/ML_SoftMetal_UE4.uasset" 462
"../../../../../GeekBrainsUE4/Litvinov_S_22_03_21/Content/Download/AnimStarterPack/UE4_Mannequin/Textures/UE4_Mannequin__normals.uasset" 463
"../../../../../GeekBrainsUE4/Litvinov_S_22_03_21/Content/Download/AnimStarterPack/UE4_Mannequin/Textures/UE4_Mannequin_MAT_MASKA.uasset" 464
"../../../../../GeekBrainsUE4/Litvinov_S_22_03_21/Content/Download/AnimStarterPack/UE4_Mannequin/Textures/UE4_Mannequin_occlusion_Mobile.uasset" 465
"../../../../../GeekBrainsUE4/Litvinov_S_22_03_21/Content/Download/AnimStarterPack/UE4_Mannequin/Materials/M_UE4Man_Body.uasset" 466
"../../../../../GeekBrainsUE4/Litvinov_S_22_03_21/Content/Download/AnimStarterPack/UE4_Mannequin/Textures/UE4Man_Logo_N.uasset" 467
"../../../../../GeekBrainsUE4/Litvinov_S_22_03_21/Content/Download/AnimStarterPack/UE4_Mannequin/Materials/M_UE4Man_ChestLogo.uasset" 468
"../../../../../GeekBrainsUE4/Litvinov_S_22_03_21/Content/Download/AnimStarterPack/UE4_Mannequin/Mesh/SK_Mannequin_PhysicsAsset.uasset" 469
"../../../../../GeekBrainsUE4/Litvinov_S_22_03_21/Content/Download/AnimStarterPack/UE4_Mannequin/Mesh/SK_Mannequin.uasset" 470
"../../../../../GeekBrainsUE4/Litvinov_S_22_03_21/Content/Download/AnimStarterPack/Showcase.umap" 471
"../../../Engine/Content/Functions/Engine_MaterialFunctions03/Procedurals/ComputeFilterWidth.uasset" 472
"../../../Engine/Content/EngineMaterials/AntiAliasedTextMaterialTranslucent.uasset" 473
"../../../../../GeekBrainsUE4/Litvinov_S_22_03_21/Content/Download/FirstPerson/Meshes/CubeMaterialOverride.uasset" 474
"../../../../../GeekBrainsUE4/Litvinov_S_22_03_21/Content/Download/Geometry/Meshes/CubeMaterial.uasset" 475
"../../../../../GeekBrainsUE4/Litvinov_S_22_03_21/Content/Download/Geometry/Meshes/1M_Cube.uasset" 476
"../../../../../GeekBrainsUE4/Litvinov_S_22_03_21/Content/Download/FirstPersonBP/Maps/FirstPersonExampleMap.umap" 477
"../../../../../GeekBrainsUE4/Litvinov_S_22_03_21/Content/Download/StarterContent/Blueprints/Assets/FogBrightnessLUT.uasset" 478
"../../../../../GeekBrainsUE4/Litvinov_S_22_03_21/Content/Download/StarterContent/Blueprints/Assets/SunlightColorLUT.uasset" 479
"../../../../../GeekBrainsUE4/Litvinov_S_22_03_21/Content/Download/StarterContent/Blueprints/Assets/M_LightStage_Arrows.uasset" 480
"../../../Engine/Content/MapTemplates/Sky/DaylightAmbientCubemap.uasset" 481
"../../../../../GeekBrainsUE4/Litvinov_S_22_03_21/Content/Download/StarterContent/Blueprints/Assets/M_LightStage_Skybox_Master.uasset" 482
"../../../../../GeekBrainsUE4/Litvinov_S_22_03_21/Content/Download/StarterContent/Blueprints/Assets/M_LightStage_Skybox_Black.uasset" 483
"../../../../../GeekBrainsUE4/Litvinov_S_22_03_21/Content/Download/StarterContent/Blueprints/Assets/M_LightStage_Skybox_HDRI.uasset" 484
"../../../Engine/Content/EditorMaterials/Thumbnails/SkySphereMaterial.uasset" 485
"../../../../../GeekBrainsUE4/Litvinov_S_22_03_21/Content/Download/StarterContent/Blueprints/Assets/Skybox.uasset" 486
"../../../../../GeekBrainsUE4/Litvinov_S_22_03_21/Content/Download/StarterContent/Blueprints/Assets/SM_Arrows.uasset" 487
"../../../../../GeekBrainsUE4/Litvinov_S_22_03_21/Content/Download/StarterContent/HDRI/HDRI_Epic_Courtyard_Daylight.uasset" 488
"../../../../../GeekBrainsUE4/Litvinov_S_22_03_21/Content/Download/StarterContent/Blueprints/BP_LightStudio.uasset" 489
"../../../../../GeekBrainsUE4/Litvinov_S_22_03_21/Content/Download/StarterContent/Maps/Advanced_Lighting_BuiltData.uasset" 490
"../../../../../GeekBrainsUE4/Litvinov_S_22_03_21/Content/Download/StarterContent/Materials/M_AssetPlatform.uasset" 491
"../../../Engine/Content/EditorMeshes/ColorCalibrator/M_ChromeBall.uasset" 492
"../../../Engine/Content/EditorMeshes/ColorCalibrator/M_ClearCoat.uasset" 493
"../../../Engine/Content/EditorMeshes/ColorCalibrator/M_ClearCoatBlack.uasset" 494
"../../../Engine/Content/EditorMeshes/ColorCalibrator/Color_checker.uasset" 495
"../../../Engine/Content/EditorMeshes/ColorCalibrator/M_ColorGrid.uasset" 496
"../../../Engine/Content/EditorMeshes/ColorCalibrator/M_GreyBall.uasset" 497
"../../../Engine/Content/EditorMeshes/ColorCalibrator/SM_ColorCalibrator.uasset" 498
"../../../../../GeekBrainsUE4/Litvinov_S_22_03_21/Content/Download/StarterContent/Architecture/SM_AssetPlatform.uasset" 499
"../../../../../GeekBrainsUE4/Litvinov_S_22_03_21/Content/Download/StarterContent/Maps/Advanced_Lighting.umap" 500
"../../../../../GeekBrainsUE4/Litvinov_S_22_03_21/Content/Download/StarterContent/Maps/Minimal_Default_BuiltData.uasset" 501
"../../../../../GeekBrainsUE4/Litvinov_S_22_03_21/Content/Download/StarterContent/Materials/M_Metal_Brushed_Nickel.uasset" 502
"../../../../../GeekBrainsUE4/Litvinov_S_22_03_21/Content/Download/StarterContent/Textures/T_Metal_Aluminum_D.uasset" 503
"../../../../../GeekBrainsUE4/Litvinov_S_22_03_21/Content/Download/StarterContent/Materials/M_Metal_Burnished_Steel.uasset" 504
"../../../../../GeekBrainsUE4/Litvinov_S_22_03_21/Content/Download/StarterContent/Textures/T_Statue_M.uasset" 505
"../../../../../GeekBrainsUE4/Litvinov_S_22_03_21/Content/Download/StarterContent/Textures/T_Statue_N.uasset" 506
"../../../../../GeekBrainsUE4/Litvinov_S_22_03_21/Content/Download/StarterContent/Props/Materials/M_StatueGlass.uasset" 507
"../../../../../GeekBrainsUE4/Litvinov_S_22_03_21/Content/Download/StarterContent/Architecture/Floor_400x400.uasset" 508
"../../../../../GeekBrainsUE4/Litvinov_S_22_03_21/Content/Download/StarterContent/Audio/Starter_Birds01.uasset" 509
"../../../../../GeekBrainsUE4/Litvinov_S_22_03_21/Content/Download/StarterContent/Audio/Starter_Wind05.uasset" 510
"../../../../../GeekBrainsUE4/Litvinov_S_22_03_21/Content/Download/StarterContent/Audio/Starter_Wind06.uasset" 511
"../../../../../GeekBrainsUE4/Litvinov_S_22_03_21/Content/Download/StarterContent/Audio/Starter_Background_Cue.uasset" 512
"../../../../../GeekBrainsUE4/Litvinov_S_22_03_21/Content/Download/StarterContent/Props/SM_Chair.uasset" 513
"../../../../../GeekBrainsUE4/Litvinov_S_22_03_21/Content/Download/StarterContent/Props/Materials/M_Statue.uasset" 514
"../../../../../GeekBrainsUE4/Litvinov_S_22_03_21/Content/Download/StarterContent/Props/SM_Statue.uasset" 515
"../../../../../GeekBrainsUE4/Litvinov_S_22_03_21/Content/Download/StarterContent/Textures/T_TableRound_M.uasset" 516
"../../../../../GeekBrainsUE4/Litvinov_S_22_03_21/Content/Download/StarterContent/Textures/T_TableRound_N.uasset" 517
"../../../../../GeekBrainsUE4/Litvinov_S_22_03_21/Content/Download/StarterContent/Props/Materials/M_TableRound.uasset" 518
"../../../../../GeekBrainsUE4/Litvinov_S_22_03_21/Content/Download/StarterContent/Props/SM_TableRound.uasset" 519
"../../../../../GeekBrainsUE4/Litvinov_S_22_03_21/Content/Download/StarterContent/Maps/Minimal_Default.umap" 520
"../../../../../GeekBrainsUE4/Litvinov_S_22_03_21/Content/Download/StarterContent/Audio/Fire01.uasset" 521
"../../../../../GeekBrainsUE4/Litvinov_S_22_03_21/Content/Download/StarterContent/Audio/Fire01_Cue.uasset" 522
"../../../../../GeekBrainsUE4/Litvinov_S_22_03_21/Content/Download/StarterContent/Blueprints/Blueprint_Effect_Fire.uasset" 523
"../../../../../GeekBrainsUE4/Litvinov_S_22_03_21/Content/Download/StarterContent/Audio/Smoke01.uasset" 524
"../../../../../GeekBrainsUE4/Litvinov_S_22_03_21/Content/Download/StarterContent/Audio/Smoke01_Cue.uasset" 525
"../../../../../GeekBrainsUE4/Litvinov_S_22_03_21/Content/Download/StarterContent/Particles/P_Smoke.uasset" 526
"../../../../../GeekBrainsUE4/Litvinov_S_22_03_21/Content/Download/StarterContent/Blueprints/Blueprint_Effect_Smoke.uasset" 527
"../../../../../GeekBrainsUE4/Litvinov_S_22_03_21/Content/Download/StarterContent/Audio/Fire_Sparks01.uasset" 528
"../../../../../GeekBrainsUE4/Litvinov_S_22_03_21/Content/Download/StarterContent/Audio/Fire_Sparks01_Cue.uasset" 529
"../../../../../GeekBrainsUE4/Litvinov_S_22_03_21/Content/Download/StarterContent/Textures/T_Spark_Core.uasset" 530
"../../../../../GeekBrainsUE4/Litvinov_S_22_03_21/Content/Download/StarterContent/Particles/Materials/M_Spark.uasset" 531
"../../../../../GeekBrainsUE4/Litvinov_S_22_03_21/Content/Download/StarterContent/Particles/P_Sparks.uasset" 532
"../../../../../GeekBrainsUE4/Litvinov_S_22_03_21/Content/Download/StarterContent/Blueprints/Blueprint_Effect_Sparks.uasset" 533
"../../../../../GeekBrainsUE4/Litvinov_S_22_03_21/Content/Download/StarterContent/Audio/Steam01.uasset" 534
"../../../../../GeekBrainsUE4/Litvinov_S_22_03_21/Content/Download/StarterContent/Audio/Steam01_Cue.uasset" 535
"../../../../../GeekBrainsUE4/Litvinov_S_22_03_21/Content/Download/StarterContent/Particles/P_Steam_Lit.uasset" 536
"../../../../../GeekBrainsUE4/Litvinov_S_22_03_21/Content/Download/StarterContent/Blueprints/Blueprint_Effect_Steam.uasset" 537
"../../../../../GeekBrainsUE4/Litvinov_S_22_03_21/Content/Download/StarterContent/Blueprints/Blueprint_CeilingLight.uasset" 538
"../../../../../GeekBrainsUE4/Litvinov_S_22_03_21/Content/Download/StarterContent/Props/SM_Lamp_Wall.uasset" 539
"../../../../../GeekBrainsUE4/Litvinov_S_22_03_21/Content/Download/StarterContent/Blueprints/Blueprint_WallSconce.uasset" 540
"../../../../../GeekBrainsUE4/Litvinov_S_22_03_21/Content/Download/StarterContent/Maps/StarterMap_BuiltData.uasset" 541
"../../../../../GeekBrainsUE4/Litvinov_S_22_03_21/Content/Download/StarterContent/Textures/T_Brick_Clay_Beveled_D.uasset" 542
"../../../../../GeekBrainsUE4/Litvinov_S_22_03_21/Content/Download/StarterContent/Textures/T_Brick_Clay_Beveled_M.uasset" 543
"../../../../../GeekBrainsUE4/Litvinov_S_22_03_21/Content/Download/StarterContent/Textures/T_Brick_Clay_Beveled_N.uasset" 544
"../../../../../GeekBrainsUE4/Litvinov_S_22_03_21/Content/Download/StarterContent/Materials/M_Brick_Clay_Beveled.uasset" 545
"../../../../../GeekBrainsUE4/Litvinov_S_22_03_21/Content/Download/StarterContent/Textures/T_Brick_Clay_New_D.uasset" 546
"../../../../../GeekBrainsUE4/Litvinov_S_22_03_21/Content/Download/StarterContent/Textures/T_Brick_Clay_New_M.uasset" 547
"../../../../../GeekBrainsUE4/Litvinov_S_22_03_21/Content/Download/StarterContent/Textures/T_Brick_Clay_New_N.uasset" 548
"../../../../../GeekBrainsUE4/Litvinov_S_22_03_21/Content/Download/StarterContent/Materials/M_Brick_Clay_New.uasset" 549
"../../../../../GeekBrainsUE4/Litvinov_S_22_03_21/Content/Download/StarterContent/Textures/T_Brick_Clay_Old_D.uasset" 550
"../../../../../GeekBrainsUE4/Litvinov_S_22_03_21/Content/Download/StarterContent/Textures/T_Brick_Clay_Old_N.uasset" 551
"../../../../../GeekBrainsUE4/Litvinov_S_22_03_21/Content/Download/StarterContent/Materials/M_Brick_Clay_Old.uasset" 552
"../../../../../GeekBrainsUE4/Litvinov_S_22_03_21/Content/Download/StarterContent/Textures/T_Brick_Hewn_Stone_D.uasset" 553
"../../../../../GeekBrainsUE4/Litvinov_S_22_03_21/Content/Download/StarterContent/Textures/T_Brick_Hewn_Stone_M.uasset" 554
"../../../../../GeekBrainsUE4/Litvinov_S_22_03_21/Content/Download/StarterContent/Textures/T_Brick_Hewn_Stone_N.uasset" 555
"../../../../../GeekBrainsUE4/Litvinov_S_22_03_21/Content/Download/StarterContent/Materials/M_Brick_Hewn_Stone.uasset" 556
"../../../../../GeekBrainsUE4/Litvinov_S_22_03_21/Content/Download/StarterContent/Textures/T_Ceramic_Tile_M.uasset" 557
"../../../../../GeekBrainsUE4/Litvinov_S_22_03_21/Content/Download/StarterContent/Textures/T_Ceramic_Tile_N.uasset" 558
"../../../../../GeekBrainsUE4/Litvinov_S_22_03_21/Content/Download/StarterContent/Textures/T_Rock_Marble_Polished_D.uasset" 559
"../../../../../GeekBrainsUE4/Litvinov_S_22_03_21/Content/Download/StarterContent/Materials/M_Ceramic_Tile_Checker.uasset" 560
"../../../../../GeekBrainsUE4/Litvinov_S_22_03_21/Content/Download/StarterContent/Textures/T_CobbleStone_Pebble_D.uasset" 561
"../../../../../GeekBrainsUE4/Litvinov_S_22_03_21/Content/Download/StarterContent/Textures/T_CobbleStone_Pebble_M.uasset" 562
"../../../../../GeekBrainsUE4/Litvinov_S_22_03_21/Content/Download/StarterContent/Textures/T_CobbleStone_Pebble_N.uasset" 563
"../../../../../GeekBrainsUE4/Litvinov_S_22_03_21/Content/Download/StarterContent/Materials/M_CobbleStone_Pebble.uasset" 564
"../../../../../GeekBrainsUE4/Litvinov_S_22_03_21/Content/Download/StarterContent/Textures/T_CobbleStone_Rough_D.uasset" 565
"../../../../../GeekBrainsUE4/Litvinov_S_22_03_21/Content/Download/StarterContent/Textures/T_CobbleStone_Rough_N.uasset" 566
"../../../../../GeekBrainsUE4/Litvinov_S_22_03_21/Content/Download/StarterContent/Textures/T_Gradinet_01.uasset" 567
"../../../../../GeekBrainsUE4/Litvinov_S_22_03_21/Content/Download/StarterContent/Textures/T_Rock_Smooth_Granite_D.uasset" 568
"../../../../../GeekBrainsUE4/Litvinov_S_22_03_21/Content/Download/StarterContent/Materials/M_CobbleStone_Rough.uasset" 569
"../../../../../GeekBrainsUE4/Litvinov_S_22_03_21/Content/Download/StarterContent/Textures/T_CobbleStone_Smooth_D.uasset" 570
"../../../../../GeekBrainsUE4/Litvinov_S_22_03_21/Content/Download/StarterContent/Textures/T_CobbleStone_Smooth_M.uasset" 571
"../../../../../GeekBrainsUE4/Litvinov_S_22_03_21/Content/Download/StarterContent/Textures/T_CobbleStone_Smooth_N.uasset" 572
"../../../../../GeekBrainsUE4/Litvinov_S_22_03_21/Content/Download/StarterContent/Materials/M_CobbleStone_Smooth.uasset" 573
"../../../../../GeekBrainsUE4/Litvinov_S_22_03_21/Content/Download/StarterContent/Textures/T_Concrete_Grime_D.uasset" 574
"../../../../../GeekBrainsUE4/Litvinov_S_22_03_21/Content/Download/StarterContent/Textures/T_Metal_Rust_N.uasset" 575
"../../../../../GeekBrainsUE4/Litvinov_S_22_03_21/Content/Download/StarterContent/Materials/M_Concrete_Grime.uasset" 576
"../../../../../GeekBrainsUE4/Litvinov_S_22_03_21/Content/Download/StarterContent/Textures/T_Concrete_Panels_D.uasset" 577
"../../../../../GeekBrainsUE4/Litvinov_S_22_03_21/Content/Download/StarterContent/Textures/T_Concrete_Panels_N.uasset" 578
"../../../../../GeekBrainsUE4/Litvinov_S_22_03_21/Content/Download/StarterContent/Materials/M_Concrete_Panels.uasset" 579
"../../../../../GeekBrainsUE4/Litvinov_S_22_03_21/Content/Download/StarterContent/Textures/T_Concrete_Poured_D.uasset" 580
"../../../../../GeekBrainsUE4/Litvinov_S_22_03_21/Content/Download/StarterContent/Textures/T_Concrete_Poured_N.uasset" 581
"../../../../../GeekBrainsUE4/Litvinov_S_22_03_21/Content/Download/StarterContent/Materials/M_Concrete_Poured.uasset" 582
"../../../../../GeekBrainsUE4/Litvinov_S_22_03_21/Content/Download/StarterContent/Textures/T_Concrete_Tiles_D.uasset" 583
"../../../../../GeekBrainsUE4/Litvinov_S_22_03_21/Content/Download/StarterContent/Textures/T_Concrete_Tiles_M.uasset" 584
"../../../../../GeekBrainsUE4/Litvinov_S_22_03_21/Content/Download/StarterContent/Textures/T_Concrete_Tiles_N.uasset" 585
"../../../../../GeekBrainsUE4/Litvinov_S_22_03_21/Content/Download/StarterContent/Textures/T_Concrete_Tiles_Variation_M.uasset" 586
"../../../../../GeekBrainsUE4/Litvinov_S_22_03_21/Content/Download/StarterContent/Materials/M_Concrete_Tiles.uasset" 587
"../../../../../GeekBrainsUE4/Litvinov_S_22_03_21/Content/Download/StarterContent/Textures/T_Ground_Grass_D.uasset" 588
"../../../../../GeekBrainsUE4/Litvinov_S_22_03_21/Content/Download/StarterContent/Textures/T_Ground_Grass_N.uasset" 589
"../../../../../GeekBrainsUE4/Litvinov_S_22_03_21/Content/Download/StarterContent/Materials/M_Ground_Grass.uasset" 590
"../../../../../GeekBrainsUE4/Litvinov_S_22_03_21/Content/Download/StarterContent/Textures/T_Ground_Gravel_D.uasset" 591
"../../../../../GeekBrainsUE4/Litvinov_S_22_03_21/Content/Download/StarterContent/Textures/T_Ground_Gravel_N.uasset" 592
"../../../../../GeekBrainsUE4/Litvinov_S_22_03_21/Content/Download/StarterContent/Materials/M_Ground_Gravel.uasset" 593
"../../../../../GeekBrainsUE4/Litvinov_S_22_03_21/Content/Download/StarterContent/Textures/T_ground_Moss_D.uasset" 594
"../../../../../GeekBrainsUE4/Litvinov_S_22_03_21/Content/Download/StarterContent/Textures/T_Ground_Moss_N.uasset" 595
"../../../../../GeekBrainsUE4/Litvinov_S_22_03_21/Content/Download/StarterContent/Materials/M_Ground_Moss.uasset" 596
"../../../../../GeekBrainsUE4/Litvinov_S_22_03_21/Content/Download/StarterContent/Materials/M_Metal_Chrome.uasset" 597
"../../../../../GeekBrainsUE4/Litvinov_S_22_03_21/Content/Download/StarterContent/Textures/T_Metal_Gold_D.uasset" 598
"../../../../../GeekBrainsUE4/Litvinov_S_22_03_21/Content/Download/StarterContent/Materials/M_Metal_Gold.uasset" 599
"../../../../../GeekBrainsUE4/Litvinov_S_22_03_21/Content/Download/StarterContent/Textures/T_Metal_Rust_D.uasset" 600
"../../../../../GeekBrainsUE4/Litvinov_S_22_03_21/Content/Download/StarterContent/Materials/M_Metal_Rust.uasset" 601
"../../../../../GeekBrainsUE4/Litvinov_S_22_03_21/Content/Download/StarterContent/Textures/T_Metal_Steel_D.uasset" 602
"../../../../../GeekBrainsUE4/Litvinov_S_22_03_21/Content/Download/StarterContent/Textures/T_Metal_Steel_N.uasset" 603
"../../../../../GeekBrainsUE4/Litvinov_S_22_03_21/Content/Download/StarterContent/Materials/M_Metal_Steel.uasset" 604
"../../../../../GeekBrainsUE4/Litvinov_S_22_03_21/Content/Download/StarterContent/Textures/T_Rock_Basalt_N.uasset" 605
"../../../../../GeekBrainsUE4/Litvinov_S_22_03_21/Content/Download/StarterContent/Materials/M_Rock_Basalt.uasset" 606
"../../../../../GeekBrainsUE4/Litvinov_S_22_03_21/Content/Download/StarterContent/Materials/M_Rock_Marble_Polished.uasset" 607
"../../../../../GeekBrainsUE4/Litvinov_S_22_03_21/Content/Download/StarterContent/Textures/T_Rock_Slate_D.uasset" 608
"../../../../../GeekBrainsUE4/Litvinov_S_22_03_21/Content/Download/StarterContent/Textures/T_Rock_Slate_N.uasset" 609
"../../../../../GeekBrainsUE4/Litvinov_S_22_03_21/Content/Download/StarterContent/Materials/M_Rock_Slate.uasset" 610
"../../../../../GeekBrainsUE4/Litvinov_S_22_03_21/Content/Download/StarterContent/Textures/T_Checker_Noise_M.uasset" 611
"../../../../../GeekBrainsUE4/Litvinov_S_22_03_21/Content/Download/StarterContent/Textures/T_Single_Tile_N.uasset" 612
"../../../../../GeekBrainsUE4/Litvinov_S_22_03_21/Content/Download/StarterContent/Textures/T_Tech_Dot_M.uasset" 613
"../../../../../GeekBrainsUE4/Litvinov_S_22_03_21/Content/Download/StarterContent/Textures/T_Tech_Dot_N.uasset" 614
"../../../../../GeekBrainsUE4/Litvinov_S_22_03_21/Content/Download/StarterContent/Materials/M_Tech_Checker_Dot.uasset" 615
"../../../../../GeekBrainsUE4/Litvinov_S_22_03_21/Content/Download/StarterContent/Textures/T_Tech_Hex_Tile_M.uasset" 616
"../../../../../GeekBrainsUE4/Litvinov_S_22_03_21/Content/Download/StarterContent/Textures/T_Tech_Hex_Tile_N.uasset" 617
"../../../../../GeekBrainsUE4/Litvinov_S_22_03_21/Content/Download/StarterContent/Materials/M_Tech_Hex_Tile.uasset" 618
"../../../../../GeekBrainsUE4/Litvinov_S_22_03_21/Content/Download/StarterContent/Materials/M_Tech_Hex_Tile_Pulse.uasset" 619
"../../../../../GeekBrainsUE4/Litvinov_S_22_03_21/Content/Download/StarterContent/Textures/T_Tech_Panel_M.uasset" 620
"../../../../../GeekBrainsUE4/Litvinov_S_22_03_21/Content/Download/StarterContent/Textures/T_Tech_Panel_N.uasset" 621
"../../../../../GeekBrainsUE4/Litvinov_S_22_03_21/Content/Download/StarterContent/Materials/M_Tech_Panel.uasset" 622
"../../../../../GeekBrainsUE4/Litvinov_S_22_03_21/Content/Download/StarterContent/Materials/M_Water_Lake.uasset" 623
"../../../../../GeekBrainsUE4/Litvinov_S_22_03_21/Content/Download/StarterContent/Textures/T_Water_M.uasset" 624
"../../../../../GeekBrainsUE4/Litvinov_S_22_03_21/Content/Download/StarterContent/Materials/M_Water_Ocean.uasset" 625
"../../../../../GeekBrainsUE4/Litvinov_S_22_03_21/Content/Download/StarterContent/Textures/T_Wood_Floor_Walnut_D.uasset" 626
"../../../../../GeekBrainsUE4/Litvinov_S_22_03_21/Content/Download/StarterContent/Textures/T_Wood_Floor_Walnut_M.uasset" 627
"../../../../../GeekBrainsUE4/Litvinov_S_22_03_21/Content/Download/StarterContent/Textures/T_Wood_Floor_Walnut_N.uasset" 628
"../../../../../GeekBrainsUE4/Litvinov_S_22_03_21/Content/Download/StarterContent/Materials/M_Wood_Floor_Walnut_Polished.uasset" 629
"../../../Engine/Content/Functions/Engine_MaterialFunctions01/Opacity/AlphaOffset.uasset" 630
"../../../../../GeekBrainsUE4/Litvinov_S_22_03_21/Content/Download/StarterContent/Materials/M_Wood_Floor_Walnut_Worn.uasset" 631
"../../../../../GeekBrainsUE4/Litvinov_S_22_03_21/Content/Download/StarterContent/Textures/T_Wood_Oak_D.uasset" 632
"../../../../../GeekBrainsUE4/Litvinov_S_22_03_21/Content/Download/StarterContent/Textures/T_Wood_Oak_N.uasset" 633
"../../../../../GeekBrainsUE4/Litvinov_S_22_03_21/Content/Download/StarterContent/Materials/M_Wood_Oak.uasset" 634
"../../../../../GeekBrainsUE4/Litvinov_S_22_03_21/Content/Download/StarterContent/Textures/T_Wood_Pine_D.uasset" 635
"../../../../../GeekBrainsUE4/Litvinov_S_22_03_21/Content/Download/StarterContent/Textures/T_Wood_Pine_N.uasset" 636
"../../../../../GeekBrainsUE4/Litvinov_S_22_03_21/Content/Download/StarterContent/Materials/M_Wood_Pine.uasset" 637
"../../../../../GeekBrainsUE4/Litvinov_S_22_03_21/Content/Download/StarterContent/Architecture/Wall_400x200.uasset" 638
"../../../../../GeekBrainsUE4/Litvinov_S_22_03_21/Content/Download/StarterContent/Architecture/Wall_Door_400x300.uasset" 639
"../../../../../GeekBrainsUE4/Litvinov_S_22_03_21/Content/Download/StarterContent/Architecture/Wall_Window_400x300.uasset" 640
"../../../../../GeekBrainsUE4/Litvinov_S_22_03_21/Content/Download/StarterContent/Audio/Collapse_Cue.uasset" 641
"../../../../../GeekBrainsUE4/Litvinov_S_22_03_21/Content/Download/StarterContent/Audio/Starter_Music01.uasset" 642
"../../../../../GeekBrainsUE4/Litvinov_S_22_03_21/Content/Download/StarterContent/Audio/Starter_Music_Cue.uasset" 643
"../../../../../GeekBrainsUE4/Litvinov_S_22_03_21/Content/Download/StarterContent/Textures/T_Dust_Particle_D.uasset" 644
"../../../../../GeekBrainsUE4/Litvinov_S_22_03_21/Content/Download/StarterContent/Particles/Materials/M_Dust_Particle.uasset" 645
"../../../../../GeekBrainsUE4/Litvinov_S_22_03_21/Content/Download/StarterContent/Particles/P_Ambient_Dust.uasset" 646
"../../../../../GeekBrainsUE4/Litvinov_S_22_03_21/Content/Download/StarterContent/Textures/T_Frame_M.uasset" 647
"../../../../../GeekBrainsUE4/Litvinov_S_22_03_21/Content/Download/StarterContent/Textures/T_Frame_N.uasset" 648
"../../../../../GeekBrainsUE4/Litvinov_S_22_03_21/Content/Download/StarterContent/Props/Materials/M_Frame.uasset" 649
"../../../../../GeekBrainsUE4/Litvinov_S_22_03_21/Content/Download/StarterContent/Props/SM_CornerFrame.uasset" 650
"../../../../../GeekBrainsUE4/Litvinov_S_22_03_21/Content/Download/StarterContent/Props/SM_DoorFrame.uasset" 651
"../../../../../GeekBrainsUE4/Litvinov_S_22_03_21/Content/Download/StarterContent/Props/SM_GlassWindow.uasset" 652
"../../../../../GeekBrainsUE4/Litvinov_S_22_03_21/Content/Download/StarterContent/Props/SM_PillarFrame.uasset" 653
"../../../../../GeekBrainsUE4/Litvinov_S_22_03_21/Content/Download/StarterContent/Props/SM_PillarFrame300.uasset" 654
"../../../../../GeekBrainsUE4/Litvinov_S_22_03_21/Content/Download/StarterContent/Props/SM_WindowFrame.uasset" 655
"../../../../../GeekBrainsUE4/Litvinov_S_22_03_21/Content/Download/StarterContent/Shapes/Shape_Cube.uasset" 656
"../../../../../GeekBrainsUE4/Litvinov_S_22_03_21/Content/Download/StarterContent/Shapes/Shape_QuadPyramid.uasset" 657
"../../../../../GeekBrainsUE4/Litvinov_S_22_03_21/Content/Download/StarterContent/Shapes/Shape_Sphere.uasset" 658
"../../../../../GeekBrainsUE4/Litvinov_S_22_03_21/Content/Download/StarterContent/Maps/StarterMap.umap" 659
"../../../../../GeekBrainsUE4/Litvinov_S_22_03_21/Content/Download/ThirdPersonBP/Maps/ThirdPersonExampleMap_BuiltData.uasset" 660
"../../../../../GeekBrainsUE4/Litvinov_S_22_03_21/Content/Download/Geometry/Meshes/1M_Cube_Chamfer.uasset" 661
"../../../../../GeekBrainsUE4/Litvinov_S_22_03_21/Content/Download/Geometry/Meshes/TemplateFloor.uasset" 662
"../../../../../GeekBrainsUE4/Litvinov_S_22_03_21/Content/Download/ThirdPerson/Meshes/RampMaterial.uasset" 663
"../../../../../GeekBrainsUE4/Litvinov_S_22_03_21/Content/Download/ThirdPerson/Meshes/Bump_StaticMesh.uasset" 664
"../../../../../GeekBrainsUE4/Litvinov_S_22_03_21/Content/Download/ThirdPerson/Meshes/LeftArm_StaticMesh.uasset" 665
"../../../../../GeekBrainsUE4/Litvinov_S_22_03_21/Content/Download/ThirdPerson/Meshes/Linear_Stair_StaticMesh.uasset" 666
"../../../../../GeekBrainsUE4/Litvinov_S_22_03_21/Content/Download/ThirdPerson/Meshes/Ramp_StaticMesh.uasset" 667
"../../../../../GeekBrainsUE4/Litvinov_S_22_03_21/Content/Download/ThirdPerson/Meshes/RightArm_StaticMesh.uasset" 668
"../../../../../GeekBrainsUE4/Litvinov_S_22_03_21/Content/Download/ThirdPersonBP/Maps/ThirdPersonExampleMap.umap" 669
"../../../../../GeekBrainsUE4/Litvinov_S_22_03_21/Content/Litvinov/Weapons/TurretAmmo.uasset" 670
"../../../Engine/Content/BasicShapes/Cylinder.uasset" 671
"../../../../../GeekBrainsUE4/Litvinov_S_22_03_21/Content/Litvinov/Weapons/Turret.uasset" 672
"../../../../../GeekBrainsUE4/Litvinov_S_22_03_21/Content/Litvinov/DamageZone/VoidZone.uasset" 673
"../../../Engine/Content/MapTemplates/Materials/BasicAsset03.uasset" 674
"../../../../../GeekBrainsUE4/Litvinov_S_22_03_21/Content/Litvinov/DamageZone/HealZone.uasset" 675
"../../../../../GeekBrainsUE4/Litvinov_S_22_03_21/Content/Litvinov/Objects/PressPlateDoor.uasset" 676
"../../../../../GeekBrainsUE4/Litvinov_S_22_03_21/Content/Litvinov/Levels/TestLevel_22_03_21.umap" 677
"../../../Engine/Content/Maps/Entry_BuiltData.uasset" 678
"../../../Engine/Content/Maps/Entry.umap" 679
